0 info it worked if it ends with ok
1 verbose cli [ '/Users/stuartflanagan/.nvm/versions/node/v6.9.4/bin/node',
1 verbose cli   '/Users/stuartflanagan/.nvm/versions/node/v6.9.4/bin/npm',
1 verbose cli   'run',
1 verbose cli   'transpile' ]
2 info using npm@3.10.10
3 info using node@v6.9.4
4 verbose run-script [ 'pretranspile', 'transpile', 'posttranspile' ]
5 info lifecycle orb-react-ssr@1.0.0~pretranspile: orb-react-ssr@1.0.0
6 silly lifecycle orb-react-ssr@1.0.0~pretranspile: no script for pretranspile, continuing
7 info lifecycle orb-react-ssr@1.0.0~transpile: orb-react-ssr@1.0.0
8 verbose lifecycle orb-react-ssr@1.0.0~transpile: unsafe-perm in lifecycle true
9 verbose lifecycle orb-react-ssr@1.0.0~transpile: PATH: /Users/stuartflanagan/.nvm/versions/node/v6.9.4/lib/node_modules/npm/bin/node-gyp-bin:/Users/stuartflanagan/Sites/Projects/ABC/DN/RMP/orb-react-ssr/node_modules/.bin:/Users/stuartflanagan/.nvm/versions/node/v6.9.4/bin:/opt/boxen/phpenv/shims:/opt/boxen/phpenv/bin:/opt/boxen/phpenv/plugins/php-build/bin:bin:/opt/boxen/rbenv/shims:/opt/boxen/rbenv/bin:/opt/boxen/ruby-build/bin:/opt/boxen/homebrew/bin:/opt/boxen/homebrew/sbin:/opt/boxen/bin:./bin:/usr/local/bin:/usr/local/sbin:/Users/stuartflanagan/.dotfiles/bin:/opt/boxen/rbenv/shims:/opt/boxen/phpenv/shims:/opt/boxen/phpenv/bin:/opt/boxen/phpenv/plugins/php-build/bin:bin:/opt/boxen/rbenv/shims:/opt/boxen/rbenv/bin:/opt/boxen/ruby-build/bin:/opt/boxen/homebrew/bin:/opt/boxen/homebrew/sbin:/opt/boxen/bin:/Users/stuartflanagan/.composer/vendor/bin:/Users/stuartflanagan/npm-global/bin:/Users/stuartflanagan/Projects/go/bin:/opt/boxen/phpenv/shims:/opt/boxen/phpenv/bin:/opt/boxen/phpenv/plugins/php-build/bin:bin:/opt/boxen/rbenv/shims:/opt/boxen/rbenv/bin:/opt/boxen/ruby-build/bin:/opt/boxen/homebrew/bin:/opt/boxen/homebrew/sbin:/opt/boxen/bin:./bin:/usr/local/bin:/usr/local/sbin:/Users/stuartflanagan/.dotfiles/bin:/opt/boxen/rbenv/shims:/opt/boxen/phpenv/shims:/opt/boxen/phpenv/bin:/opt/boxen/phpenv/plugins/php-build/bin:bin:/opt/boxen/rbenv/shims:/opt/boxen/rbenv/bin:/opt/boxen/ruby-build/bin:/opt/boxen/homebrew/bin:/opt/boxen/homebrew/sbin:/opt/boxen/bin:/Users/stuartflanagan/.composer/vendor/bin:/Users/stuartflanagan/npm-global/bin:/Users/stuartflanagan/Projects/go/bin:/usr/local/bin:/usr/bin:/bin:/usr/sbin:/sbin:/opt/X11/bin:/usr/local/go/bin:/opt/boxen/phpenv/bin:/usr/local/go/bin:/opt/boxen/phpenv/bin
10 verbose lifecycle orb-react-ssr@1.0.0~transpile: CWD: /Users/stuartflanagan/Sites/Projects/ABC/DN/RMP/orb-react-ssr
11 silly lifecycle orb-react-ssr@1.0.0~transpile: Args: [ '-c',
11 silly lifecycle   'babel --presets es2015,stage-2 --plugins css-modules-transform src --out-dir bin' ]
12 silly lifecycle orb-react-ssr@1.0.0~transpile: Returned: code: 1  signal: null
13 info lifecycle orb-react-ssr@1.0.0~transpile: Failed to exec transpile script
14 verbose stack Error: orb-react-ssr@1.0.0 transpile: `babel --presets es2015,stage-2 --plugins css-modules-transform src --out-dir bin`
14 verbose stack Exit status 1
14 verbose stack     at EventEmitter.<anonymous> (/Users/stuartflanagan/.nvm/versions/node/v6.9.4/lib/node_modules/npm/lib/utils/lifecycle.js:255:16)
14 verbose stack     at emitTwo (events.js:106:13)
14 verbose stack     at EventEmitter.emit (events.js:191:7)
14 verbose stack     at ChildProcess.<anonymous> (/Users/stuartflanagan/.nvm/versions/node/v6.9.4/lib/node_modules/npm/lib/utils/spawn.js:40:14)
14 verbose stack     at emitTwo (events.js:106:13)
14 verbose stack     at ChildProcess.emit (events.js:191:7)
14 verbose stack     at maybeClose (internal/child_process.js:877:16)
14 verbose stack     at Process.ChildProcess._handle.onexit (internal/child_process.js:226:5)
15 verbose pkgid orb-react-ssr@1.0.0
16 verbose cwd /Users/stuartflanagan/Sites/Projects/ABC/DN/RMP/orb-react-ssr
17 error Darwin 16.4.0
18 error argv "/Users/stuartflanagan/.nvm/versions/node/v6.9.4/bin/node" "/Users/stuartflanagan/.nvm/versions/node/v6.9.4/bin/npm" "run" "transpile"
19 error node v6.9.4
20 error npm  v3.10.10
21 error code ELIFECYCLE
22 error orb-react-ssr@1.0.0 transpile: `babel --presets es2015,stage-2 --plugins css-modules-transform src --out-dir bin`
22 error Exit status 1
23 error Failed at the orb-react-ssr@1.0.0 transpile script 'babel --presets es2015,stage-2 --plugins css-modules-transform src --out-dir bin'.
23 error Make sure you have the latest version of node.js and npm installed.
23 error If you do, this is most likely a problem with the orb-react-ssr package,
23 error not with npm itself.
23 error Tell the author that this fails on your system:
23 error     babel --presets es2015,stage-2 --plugins css-modules-transform src --out-dir bin
23 error You can get information on how to open an issue for this project with:
23 error     npm bugs orb-react-ssr
23 error Or if that isn't available, you can get their info via:
23 error     npm owner ls orb-react-ssr
23 error There is likely additional logging output above.
24 verbose exit [ 1, true ]
